<?xml version="1.0" encoding="UTF-8"?>
<!-- Generated by org.testng.reporters.JUnitReportReporter -->
<testsuite skipped="0" hostname="charan" name="com.actiTime.testscripts.Createcustomer" tests="1" failures="0" timestamp="2020-01-24T16:39:51 IST" time="6.286" errors="0">
  <testcase name="Addnewcustomer" time="6.286" classname="com.actiTime.testscripts.Createcustomer"/>
  <system-out/>
</testsuite> <!-- com.actiTime.testscripts.Createcustomer -->
