<?xml version="1.0" encoding="UTF-8"?>
<!-- Generated by org.testng.reporters.JUnitReportReporter -->
<testsuite skipped="0" hostname="charan" name="com.actiTime.testscripts.Createproject" tests="1" failures="0" timestamp="2020-01-24T16:39:51 IST" time="4.605" errors="0">
  <testcase name="newproject" time="4.605" classname="com.actiTime.testscripts.Createproject"/>
  <system-out/>
</testsuite> <!-- com.actiTime.testscripts.Createproject -->
